15:10:29   【量程和磁场传感器类型】FF AA 27 20 00 
15:10:29   【量程和磁场传感器类型】FF AA 27 61 00 
15:10:29   【量程和磁场传感器类型】FF AA 27 72 00 
15:10:29   【量程和磁场传感器类型】FF AA 27 2E 00 
15:10:40   【量程和磁场传感器类型】FF AA 27 20 00 
15:10:40   【量程和磁场传感器类型】FF AA 27 61 00 
15:10:40   【量程和磁场传感器类型】FF AA 27 72 00 
15:10:41   【量程和磁场传感器类型】FF AA 27 2E 00 
15:12:51   【量程和磁场传感器类型】FF AA 27 20 00 
15:12:51   【量程和磁场传感器类型】FF AA 27 61 00 
15:12:51   【量程和磁场传感器类型】FF AA 27 72 00 
15:12:51   【量程和磁场传感器类型】FF AA 27 2E 00 
15:14:58   【读取配置信息】FF AA 27 01 00 
15:14:58   【读取配置信息】FF AA 27 0E 00 
15:14:58   【读取配置信息】FF AA 27 12 00 
15:14:58   【读取配置信息】FF AA 27 16 00 
15:14:58   【读取配置信息】FF AA 27 1A 00 
15:14:58   【读取配置信息】FF AA 27 1F 00 
15:14:58   【读取配置信息】FF AA 27 23 00 
15:14:59   【读取配置信息】FF AA 27 2D 00 
15:14:59   【读取配置信息】FF AA 27 61 00 
15:14:59   【读取配置信息】FF AA 27 69 00 
15:14:59   【读取配置信息】FF AA 27 6E 00 
15:14:59   【读取配置信息】FF AA 27 75 00 
15:14:59   【读取配置信息】FF AA 27 7F 00 
15:14:59   【读取配置信息】FF AA 27 83 00 
15:17:59   【读取配置信息】FF AA 27 01 00 
15:17:59   【读取配置信息】FF AA 27 0E 00 
15:17:59   【读取配置信息】FF AA 27 12 00 
15:17:59   【读取配置信息】FF AA 27 16 00 
15:17:59   【读取配置信息】FF AA 27 1A 00 
15:17:59   【读取配置信息】FF AA 27 1F 00 
15:17:59   【读取配置信息】FF AA 27 23 00 
15:17:59   【读取配置信息】FF AA 27 2D 00 
15:18:00   【读取配置信息】FF AA 27 61 00 
15:18:00   【读取配置信息】FF AA 27 69 00 
15:18:00   【读取配置信息】FF AA 27 6E 00 
15:18:00   【读取配置信息】FF AA 27 75 00 
15:18:00   【读取配置信息】FF AA 27 7F 00 
15:18:00   【读取配置信息】FF AA 27 83 00 
15:18:06   【设置解锁】FF AA 69 88 B5 
15:18:06   【设置加计校准】FF AA 01 01 00 
15:18:12   【设置解锁】FF AA 69 88 B5 
15:18:12   【设置保存】FF AA 00 00 00 
15:18:18   【设置解锁】FF AA 69 88 B5 
15:18:18   【设置加计校准】FF AA 01 01 00 
15:18:24   【设置解锁】FF AA 69 88 B5 
15:18:24   【设置保存】FF AA 00 00 00 
15:18:26   【设置解锁】FF AA 69 88 B5 
15:18:26   【设置角度参考】FF AA 01 08 00 
15:18:27   【设置解锁】FF AA 69 88 B5 
15:18:27   【设置保存】FF AA 00 00 00 
15:18:41   【读取配置信息】FF AA 27 01 00 
15:18:41   【读取配置信息】FF AA 27 0E 00 
15:18:41   【读取配置信息】FF AA 27 12 00 
15:18:42   【读取配置信息】FF AA 27 16 00 
15:18:42   【读取配置信息】FF AA 27 1A 00 
15:18:42   【读取配置信息】FF AA 27 1F 00 
15:18:42   【读取配置信息】FF AA 27 23 00 
15:18:42   【读取配置信息】FF AA 27 2D 00 
15:18:42   【读取配置信息】FF AA 27 61 00 
15:18:42   【读取配置信息】FF AA 27 69 00 
15:18:42   【读取配置信息】FF AA 27 6E 00 
15:18:42   【读取配置信息】FF AA 27 75 00 
15:18:42   【读取配置信息】FF AA 27 7F 00 
15:18:43   【读取配置信息】FF AA 27 83 00 
15:19:09   【读取X磁场范围】FF AA 27 1C 00 
15:19:09   【】FF AA 27 0B 00 
15:19:09   【】FF AA 27 1C 00 
15:19:09   【】FF AA 27 69 00 
15:19:23   【设置解锁】FF AA 69 88 B5 
15:19:23   【设置磁场校准】FF AA 01 09 00 
15:20:34   【设置解锁】FF AA 69 88 B5 
15:20:35   【设置校准结束】FF AA 01 00 00 
15:20:42   【读取X磁场范围】FF AA 27 1C 00 
15:20:42   【】FF AA 27 0B 00 
15:20:42   【】FF AA 27 1C 00 
15:20:42   【】FF AA 27 69 00 
15:20:44   【设置解锁】FF AA 69 88 B5 
15:20:44   【设置磁场校准】FF AA 01 09 00 
15:21:28   【设置解锁】FF AA 69 88 B5 
15:21:29   【设置】FF AA 01 00 00 
15:21:40   【读取X磁场范围】FF AA 27 1C 00 
15:21:40   【】FF AA 27 0B 00 
15:21:40   【】FF AA 27 1C 00 
15:21:40   【】FF AA 27 69 00 
15:23:31   【设置解锁】FF AA 69 88 B5 
15:23:31   【设置X磁场偏移】FF AA 0B 00 00 
15:23:32   【设置解锁】FF AA 69 88 B5 
15:23:32   【设置Y磁场偏移】FF AA 0C 00 00 
15:23:32   【设置解锁】FF AA 69 88 B5 
15:23:32   【设置Z磁场偏移】FF AA 0D 00 00 
15:23:33   【设置解锁】FF AA 69 88 B5 
15:23:33   【设置X磁场范围】FF AA 1C F4 01 
15:23:33   【设置解锁】FF AA 69 88 B5 
15:23:33   【设置Y磁场范围】FF AA 1D F4 01 
15:23:34   【设置解锁】FF AA 69 88 B5 
15:23:34   【设置Z磁场范围】FF AA 1E F4 01 
15:24:32   【设置解锁】FF AA 69 88 B5 
15:24:32   【设置X磁场偏移】FF AA 0B F4 F8 
15:24:32   【设置解锁】FF AA 69 88 B5 
15:24:33   【设置Y磁场偏移】FF AA 0C 3E 09 
15:24:33   【设置解锁】FF AA 69 88 B5 
15:24:33   【设置Z磁场偏移】FF AA 0D 24 01 
15:24:33   【设置解锁】FF AA 69 88 B5 
15:24:34   【设置X磁场范围】FF AA 1C 48 24 
15:24:34   【设置解锁】FF AA 69 88 B5 
15:24:34   【设置Y磁场范围】FF AA 1D 48 24 
15:24:34   【设置解锁】FF AA 69 88 B5 
15:24:35   【设置Z磁场范围】FF AA 1E 48 24 
15:24:35   【设置解锁】FF AA 69 88 B5 
15:24:35   【设置保存】FF AA 00 00 00 
15:24:35   【】FF AA 27 0B 00 
15:24:35   【】FF AA 27 69 00 
15:26:25   【读取配置信息】FF AA 27 01 00 
15:26:25   【读取配置信息】FF AA 27 0E 00 
15:26:25   【读取配置信息】FF AA 27 12 00 
15:26:25   【读取配置信息】FF AA 27 16 00 
15:26:25   【读取配置信息】FF AA 27 1A 00 
15:26:25   【读取配置信息】FF AA 27 1F 00 
15:26:25   【读取配置信息】FF AA 27 23 00 
15:26:25   【读取配置信息】FF AA 27 2D 00 
15:26:25   【读取配置信息】FF AA 27 61 00 
15:26:25   【读取配置信息】FF AA 27 69 00 
15:26:26   【读取配置信息】FF AA 27 6E 00 
15:26:26   【读取配置信息】FF AA 27 75 00 
15:26:26   【读取配置信息】FF AA 27 7F 00 
15:26:26   【读取配置信息】FF AA 27 83 00 
15:26:42   【读取Z轴静止阈值】FF AA 27 6F 00 
15:26:42   【读取】FF AA 27 6A 00 
15:26:42   【读取】FF AA 27 6A 00 
15:26:42   【读取】FF AA 27 6A 00 
15:26:43   【读取】FF AA 27 6A 00 
15:26:43   【读取】FF AA 27 6A 00 
15:26:43   【读取】FF AA 27 6A 00 
15:26:43   【读取】FF AA 27 6A 00 
15:26:43   【读取】FF AA 27 6A 00 
15:26:43   【读取】FF AA 27 6A 00 
15:26:43   【读取】FF AA 27 6A 00 
15:26:44   【读取】FF AA 27 6A 00 
15:26:44   【读取】FF AA 27 6A 00 
15:26:44   【读取】FF AA 27 6A 00 
15:26:44   【读取】FF AA 27 6A 00 
15:26:44   【读取】FF AA 27 6A 00 
15:26:44   【读取】FF AA 27 6A 00 
15:26:44   【读取】FF AA 27 6A 00 
15:26:45   【读取】FF AA 27 6A 00 
15:26:45   【读取】FF AA 27 6A 00 
15:26:45   【读取】FF AA 27 6A 00 
15:26:45   【读取】FF AA 27 6A 00 
15:26:45   【读取】FF AA 27 6A 00 
15:26:45   【读取】FF AA 27 6A 00 
15:26:45   【读取】FF AA 27 6A 00 
15:26:46   【读取】FF AA 27 6A 00 
15:26:46   【读取】FF AA 27 6A 00 
15:26:46   【读取】FF AA 27 6A 00 
15:26:46   【读取】FF AA 27 6A 00 
15:26:46   【读取】FF AA 27 6A 00 
15:26:46   【读取】FF AA 27 6A 00 
15:26:46   【读取】FF AA 27 6A 00 
15:26:47   【读取】FF AA 27 6A 00 
15:26:47   【读取】FF AA 27 6A 00 
15:26:47   【读取】FF AA 27 6A 00 
15:26:47   【读取】FF AA 27 6A 00 
15:26:47   【读取】FF AA 27 6A 00 
15:26:47   【读取】FF AA 27 6A 00 
15:26:47   【读取】FF AA 27 6A 00 
15:26:47   【读取】FF AA 27 6A 00 
15:26:48   【读取】FF AA 27 6A 00 
15:26:48   【读取】FF AA 27 6A 00 
15:26:48   【读取】FF AA 27 6A 00 
15:26:48   【读取】FF AA 27 6A 00 
15:26:48   【读取】FF AA 27 6A 00 
15:26:48   【读取】FF AA 27 6A 00 
15:26:48   【读取】FF AA 27 6A 00 
15:26:49   【读取】FF AA 27 6A 00 
15:26:49   【读取】FF AA 27 6A 00 
15:26:49   【读取】FF AA 27 6A 00 
15:26:49   【读取】FF AA 27 6A 00 
15:26:49   【读取】FF AA 27 6A 00 
15:26:49   【读取】FF AA 27 6A 00 
15:26:49   【读取】FF AA 27 6A 00 
15:26:50   【读取】FF AA 27 6A 00 
15:26:50   【读取】FF AA 27 6A 00 
15:26:50   【读取】FF AA 27 6A 00 
15:26:50   【读取】FF AA 27 6A 00 
15:26:50   【读取】FF AA 27 6A 00 
15:26:50   【读取】FF AA 27 6A 00 
15:26:50   【读取】FF AA 27 6A 00 
15:26:51   【读取】FF AA 27 6A 00 
15:26:51   【读取】FF AA 27 6A 00 
15:26:51   【读取】FF AA 27 6A 00 
15:26:51   【读取】FF AA 27 6A 00 
15:26:51   【读取】FF AA 27 6A 00 
15:26:51   【读取】FF AA 27 6A 00 
15:26:51   【读取】FF AA 27 6A 00 
15:26:52   【读取】FF AA 27 6A 00 
15:26:52   【读取】FF AA 27 6A 00 
15:26:52   【读取】FF AA 27 6A 00 
15:26:52   【读取】FF AA 27 6A 00 
15:26:52   【读取】FF AA 27 6A 00 
15:26:52   【读取】FF AA 27 6A 00 
15:26:52   【读取】FF AA 27 6A 00 
15:26:53   【读取】FF AA 27 6A 00 
15:26:53   【读取】FF AA 27 6A 00 
15:26:53   【读取】FF AA 27 6A 00 
15:26:53   【读取】FF AA 27 6A 00 
15:26:53   【读取】FF AA 27 6A 00 
15:26:53   【读取】FF AA 27 6A 00 
15:26:53   【读取】FF AA 27 6A 00 
15:26:54   【读取】FF AA 27 6A 00 
15:26:54   【读取】FF AA 27 6A 00 
15:26:54   【读取】FF AA 27 6A 00 
15:26:54   【读取】FF AA 27 6A 00 
15:26:54   【读取】FF AA 27 6A 00 
15:26:54   【读取】FF AA 27 6A 00 
15:26:54   【读取】FF AA 27 6A 00 
15:26:54   【读取】FF AA 27 6A 00 
15:26:55   【读取】FF AA 27 6A 00 
15:26:55   【读取】FF AA 27 6A 00 
15:26:55   【读取】FF AA 27 6A 00 
15:26:55   【读取】FF AA 27 6A 00 
15:26:55   【读取】FF AA 27 6A 00 
15:26:55   【读取】FF AA 27 6A 00 
15:26:55   【读取】FF AA 27 6A 00 
15:26:55   【读取】FF AA 27 6A 00 
15:26:56   【读取】FF AA 27 6A 00 
15:26:56   【读取】FF AA 27 6A 00 
15:26:56   【读取】FF AA 27 6A 00 
15:26:56   【读取】FF AA 27 6A 00 
15:26:56   【读取】FF AA 27 6A 00 
15:26:56   【读取】FF AA 27 6A 00 
15:26:56   【读取】FF AA 27 6A 00 
15:26:56   【读取】FF AA 27 6A 00 
15:26:57   【读取】FF AA 27 6A 00 
15:27:32   【读取Z轴静止阈值】FF AA 27 6F 00 
15:27:32   【读取】FF AA 27 6A 00 
15:27:32   【读取】FF AA 27 6A 00 
15:27:33   【读取】FF AA 27 6A 00 
15:27:33   【读取】FF AA 27 6A 00 
15:27:33   【读取】FF AA 27 6A 00 
15:27:33   【读取】FF AA 27 6A 00 
15:27:33   【读取】FF AA 27 6A 00 
15:27:33   【读取】FF AA 27 6A 00 
15:27:33   【读取】FF AA 27 6A 00 
15:27:34   【读取】FF AA 27 6A 00 
15:27:34   【读取】FF AA 27 6A 00 
15:27:34   【读取】FF AA 27 6A 00 
15:27:34   【读取】FF AA 27 6A 00 
15:27:34   【读取】FF AA 27 6A 00 
15:27:34   【读取】FF AA 27 6A 00 
15:27:34   【读取】FF AA 27 6A 00 
15:27:35   【读取】FF AA 27 6A 00 
15:27:35   【读取】FF AA 27 6A 00 
15:27:35   【读取】FF AA 27 6A 00 
15:27:35   【读取】FF AA 27 6A 00 
15:27:35   【读取】FF AA 27 6A 00 
15:27:35   【读取】FF AA 27 6A 00 
15:27:35   【读取】FF AA 27 6A 00 
15:27:36   【读取】FF AA 27 6A 00 
15:27:36   【读取】FF AA 27 6A 00 
15:27:36   【读取】FF AA 27 6A 00 
15:27:36   【读取】FF AA 27 6A 00 
15:27:36   【读取】FF AA 27 6A 00 
15:27:36   【读取】FF AA 27 6A 00 
15:27:36   【读取】FF AA 27 6A 00 
15:27:36   【读取】FF AA 27 6A 00 
15:27:37   【读取】FF AA 27 6A 00 
15:27:37   【读取】FF AA 27 6A 00 
15:27:37   【读取】FF AA 27 6A 00 
15:27:37   【读取】FF AA 27 6A 00 
15:27:37   【读取】FF AA 27 6A 00 
15:27:37   【读取】FF AA 27 6A 00 
15:27:37   【读取】FF AA 27 6A 00 
15:27:38   【读取】FF AA 27 6A 00 
15:27:38   【读取】FF AA 27 6A 00 
15:27:38   【读取】FF AA 27 6A 00 
15:27:38   【读取】FF AA 27 6A 00 
15:27:38   【读取】FF AA 27 6A 00 
15:27:38   【读取】FF AA 27 6A 00 
15:27:38   【读取】FF AA 27 6A 00 
15:27:38   【读取】FF AA 27 6A 00 
15:27:39   【读取】FF AA 27 6A 00 
15:27:39   【读取】FF AA 27 6A 00 
15:27:39   【读取】FF AA 27 6A 00 
15:27:39   【读取】FF AA 27 6A 00 
15:27:39   【读取】FF AA 27 6A 00 
15:27:39   【读取】FF AA 27 6A 00 
15:27:39   【读取】FF AA 27 6A 00 
15:27:40   【读取】FF AA 27 6A 00 
15:27:40   【读取】FF AA 27 6A 00 
15:27:40   【读取】FF AA 27 6A 00 
15:27:40   【读取】FF AA 27 6A 00 
15:27:40   【读取】FF AA 27 6A 00 
15:27:40   【读取】FF AA 27 6A 00 
15:27:40   【读取】FF AA 27 6A 00 
15:27:49   【设置解锁】FF AA 69 88 B5 
15:27:50   【设置校准高度】FF AA 01 03 00 
15:27:50   【设置解锁】FF AA 69 88 B5 
15:27:50   【设置保存】FF AA 00 00 00 
15:27:55   【设置解锁】FF AA 69 88 B5 
15:27:56   【设置校准高度】FF AA 01 03 00 
15:27:56   【设置解锁】FF AA 69 88 B5 
15:27:56   【设置保存】FF AA 00 00 00 
